running egg_info
writing ../../build/rover/rover.egg-info/PKG-INFO
writing dependency_links to ../../build/rover/rover.egg-info/dependency_links.txt
writing entry points to ../../build/rover/rover.egg-info/entry_points.txt
writing requirements to ../../build/rover/rover.egg-info/requires.txt
writing top-level names to ../../build/rover/rover.egg-info/top_level.txt
reading manifest file '../../build/rover/rover.egg-info/SOURCES.txt'
writing manifest file '../../build/rover/rover.egg-info/SOURCES.txt'
running build
running build_py
copying rover/drive.py -> /home/remandey/micro-rover/build/rover/build/lib/rover
running install
running install_lib
copying /home/remandey/micro-rover/build/rover/build/lib/rover/drive.py -> /home/remandey/micro-rover/install/rover/lib/python3.10/site-packages/rover
byte-compiling /home/remandey/micro-rover/install/rover/lib/python3.10/site-packages/rover/drive.py to drive.cpython-310.pyc
running install_data
running install_egg_info
removing '/home/remandey/micro-rover/install/rover/lib/python3.10/site-packages/rover-0.0.0-py3.10.egg-info' (and everything under it)
Copying ../../build/rover/rover.egg-info to /home/remandey/micro-rover/install/rover/lib/python3.10/site-packages/rover-0.0.0-py3.10.egg-info
running install_scripts
writing list of installed files to '/home/remandey/micro-rover/build/rover/install.log'
