[1.611s] Invoking command in '/home/remandey/micro-rover/src/rover': PYTHONPATH=/home/remandey/micro-rover/build/rover/prefix_override:/usr/lib/python3/dist-packages/colcon_core/task/python/colcon_distutils_commands:/home/remandey/micro-rover/install/rover/lib/python3.10/site-packages:${PYTHONPATH} /usr/bin/python3 -W ignore:setup.py install is deprecated -W ignore:easy_install command is deprecated setup.py egg_info --egg-base ../../build/rover build --build-base /home/remandey/micro-rover/build/rover/build install --record /home/remandey/micro-rover/build/rover/install.log --single-version-externally-managed install_data
[2.116s] running egg_info
[2.117s] creating ../../build/rover/rover.egg-info
[2.117s] writing ../../build/rover/rover.egg-info/PKG-INFO
[2.118s] writing dependency_links to ../../build/rover/rover.egg-info/dependency_links.txt
[2.119s] writing entry points to ../../build/rover/rover.egg-info/entry_points.txt
[2.119s] writing requirements to ../../build/rover/rover.egg-info/requires.txt
[2.119s] writing top-level names to ../../build/rover/rover.egg-info/top_level.txt
[2.119s] writing manifest file '../../build/rover/rover.egg-info/SOURCES.txt'
[2.123s] reading manifest file '../../build/rover/rover.egg-info/SOURCES.txt'
[2.124s] writing manifest file '../../build/rover/rover.egg-info/SOURCES.txt'
[2.125s] running build
[2.125s] running build_py
[2.125s] creating /home/remandey/micro-rover/build/rover/build
[2.125s] creating /home/remandey/micro-rover/build/rover/build/lib
[2.125s] creating /home/remandey/micro-rover/build/rover/build/lib/rover
[2.126s] copying rover/__init__.py -> /home/remandey/micro-rover/build/rover/build/lib/rover
[2.126s] running install
[2.126s] running install_lib
[2.128s] creating /home/remandey/micro-rover/install/rover/lib/python3.10/site-packages/rover
[2.129s] copying /home/remandey/micro-rover/build/rover/build/lib/rover/__init__.py -> /home/remandey/micro-rover/install/rover/lib/python3.10/site-packages/rover
[2.130s] byte-compiling /home/remandey/micro-rover/install/rover/lib/python3.10/site-packages/rover/__init__.py to __init__.cpython-310.pyc
[2.130s] running install_data
[2.130s] creating /home/remandey/micro-rover/install/rover/share/ament_index
[2.131s] creating /home/remandey/micro-rover/install/rover/share/ament_index/resource_index
[2.131s] creating /home/remandey/micro-rover/install/rover/share/ament_index/resource_index/packages
[2.131s] copying resource/rover -> /home/remandey/micro-rover/install/rover/share/ament_index/resource_index/packages
[2.131s] copying package.xml -> /home/remandey/micro-rover/install/rover/share/rover
[2.133s] running install_egg_info
[2.136s] Copying ../../build/rover/rover.egg-info to /home/remandey/micro-rover/install/rover/lib/python3.10/site-packages/rover-0.0.0-py3.10.egg-info
[2.138s] running install_scripts
[2.182s] writing list of installed files to '/home/remandey/micro-rover/build/rover/install.log'
[2.235s] Invoked command in '/home/remandey/micro-rover/src/rover' returned '0': PYTHONPATH=/home/remandey/micro-rover/build/rover/prefix_override:/usr/lib/python3/dist-packages/colcon_core/task/python/colcon_distutils_commands:/home/remandey/micro-rover/install/rover/lib/python3.10/site-packages:${PYTHONPATH} /usr/bin/python3 -W ignore:setup.py install is deprecated -W ignore:easy_install command is deprecated setup.py egg_info --egg-base ../../build/rover build --build-base /home/remandey/micro-rover/build/rover/build install --record /home/remandey/micro-rover/build/rover/install.log --single-version-externally-managed install_data
